- Wampserver trace report -
File created by Wampserver install
InnoDB: using atomic writes.
2021-06-17 13:19:59 0 [Note] InnoDB: Mutexes and rw_locks use Windows interlocked functions
2021-06-17 13:19:59 0 [Note] InnoDB: Uses event mutexes
2021-06-17 13:19:59 0 [Note] InnoDB: Compressed tables use zlib 1.2.11
2021-06-17 13:19:59 0 [Note] InnoDB: Number of pools: 1
2021-06-17 13:19:59 0 [Note] InnoDB: Using SSE2 crc32 instructions
2021-06-17 13:19:59 0 [Note] InnoDB: Initializing buffer pool, total size = 256M, instances = 1, chunk size = 128M
2021-06-17 13:19:59 0 [Note] InnoDB: Completed initialization of buffer pool
2021-06-17 13:19:59 0 [Note] InnoDB: Resizing redo log from 2*50331648 to 2*67108864 bytes; LSN=60981
2021-06-17 13:19:59 0 [Note] InnoDB: Starting to delete and rewrite log files.
2021-06-17 13:19:59 0 [Note] InnoDB: Setting log file .\ib_logfile101 size to 67108864 bytes
2021-06-17 13:19:59 0 [Note] InnoDB: Setting log file .\ib_logfile1 size to 67108864 bytes
2021-06-17 13:19:59 0 [Note] InnoDB: Renaming log file .\ib_logfile101 to .\ib_logfile0
2021-06-17 13:19:59 0 [Note] InnoDB: New log files created, LSN=60981
2021-06-17 13:19:59 0 [Note] InnoDB: 128 out of 128 rollback segments are active.
2021-06-17 13:19:59 0 [Note] InnoDB: Creating shared tablespace for temporary tables
2021-06-17 13:19:59 0 [Note] InnoDB: Setting file '.\ibtmp1' size to 12 MB. Physically writing the file full; Please wait ...
2021-06-17 13:19:59 0 [Note] InnoDB: File '.\ibtmp1' size is now 12 MB.
2021-06-17 13:19:59 0 [Note] InnoDB: Waiting for purge to start
2021-06-17 13:19:59 0 [Note] InnoDB: 10.4.13 started; log sequence number 60981; transaction id 21
2021-06-17 13:19:59 0 [Note] InnoDB: Loading buffer pool(s) from C:\wamp64\projecto\bin\mariadb\mariadb10.4.13\data\ib_buffer_pool
2021-06-17 13:19:59 0 [Note] Plugin 'FEEDBACK' is disabled.
2021-06-17 13:19:59 0 [Note] Server socket created on IP: '::'.
2021-06-17 13:19:59 0 [Note] InnoDB: Buffer pool(s) load completed at 210617 13:19:59
2021-06-17 13:19:59 0 [Note] Reading of all Master_info entries succeeded
2021-06-17 13:19:59 0 [Note] Added new Master_info '' to hash table
2021-06-17 13:19:59 0 [Note] wampmariadb64: ready for connections.
Version: '10.4.13-MariaDB'  socket: ''  port: 3307  mariadb.org binary distribution
